<< CAP LS
<< PASS lol
<< NICK cbernaze
<< USER cbernaze cbernaze localhost :Clement BERNAZEAU
>> [0;33m433  cbernaze :Nickname is already in use[0m
>> :irc 001  :Welcome to the Internet Relay Network !cbernaze@127.0.0.1
<< MODE Welcome to the Internet Relay Network !cbernaze@127.0.0.1 +i
<< WHOIS cbernaze
>> :irc 002  :Your host is irc, running version 0.6
>> :irc 003  :This server was created on 2024/3/26
>> 004  :irc 1.0 -none- itkol
>> [0;33m403  Welcome :No such channel[0m
>> [0;33m421  WHOIS :Unknown command[0m
<< PING irc
>> PONG irc :
--> lag pong
<< JOIN #test43
>> :!~cbernaze@127.0.0.1 JOIN :#test43
>> :ircserv 353  = #test43 :@cbernaze 
>> :ircserv 366 #test43 :End of NAMES list
<< NICK jess
<< PART #test43
<< PRIVMSG #test43 :ddd
>> [0;33m442 jess #test43 :You're not on that channel[0m
<< PING irc
>> PONG irc :jess
--> FAILED whois
--> lag pong
<< PING irc
>> PONG irc :jess
--> lag pong
<< PING irc
>> PONG irc :jess
--> lag pong
<< PING irc
>> PONG irc :jess
--> lag pong
<< PING irc
>> PONG irc :jess
--> lag pong
